{
  "stats": {
    "suites": 1,
    "tests": 1,
    "passes": 1,
    "pending": 0,
    "failures": 0,
    "start": "2022-10-11T19:19:09.351Z",
    "end": "2022-10-11T19:19:14.865Z",
    "duration": 5514,
    "testsRegistered": 1,
    "passPercent": 100,
    "pendingPercent": 0,
    "other": 0,
    "hasOther": false,
    "skipped": 0,
    "hasSkipped": false
  },
  "results": [
    {
      "uuid": "29f39f08-9ce4-429f-beb2-0b98dbba3a94",
      "title": "",
      "fullFile": "cypress/integration/examples/loginFlow.js",
      "file": "cypress/integration/examples/loginFlow.js",
      "beforeHooks": [],
      "afterHooks": [],
      "tests": [],
      "suites": [
        {
          "uuid": "9cc27ded-d9be-4e43-bf57-dd41f3ddb96d",
          "title": "Implement workflow for the login feature",
          "fullFile": "",
          "file": "",
          "beforeHooks": [],
          "afterHooks": [],
          "tests": [
            {
              "title": "Test the  Login in workflow",
              "fullTitle": "Implement workflow for the login feature Test the  Login in workflow",
              "timedOut": null,
              "duration": 3791,
              "state": "passed",
              "speed": "fast",
              "pass": true,
              "fail": false,
              "pending": false,
              "context": null,
              "code": "var hompage = new _HomePage[\"default\"]();\nvar loginPage = new _loginPage[\"default\"]();\nvar landingPage = new _landingPage[\"default\"]();\n// launch the main application\ncy.visit(Cypress.env(\"url\"));\n// click the form authentication link\nhompage.getFormAuthButton().click();\n// enter username\nloginPage.enterUsername().type(data.username);\n// enter password\nloginPage.enterPassword().type(data.password);\n//click the login\nloginPage.clickLogin().click();\n// assert the login message\nlandingPage.assertLoggedInMessage().should(\"contain.text\", \"You logged into a secure area!\");\n// assert the page body\nlandingPage.assertBodyMessage().should(\"contain.text\", \"Secure Area\");",
              "err": {},
              "uuid": "56a32494-d86b-44c7-8522-d0c9f8f14c7d",
              "parentUUID": "9cc27ded-d9be-4e43-bf57-dd41f3ddb96d",
              "isHook": false,
              "skipped": false
            }
          ],
          "suites": [],
          "passes": [
            "56a32494-d86b-44c7-8522-d0c9f8f14c7d"
          ],
          "failures": [],
          "pending": [],
          "skipped": [],
          "duration": 3791,
          "root": false,
          "rootEmpty": false,
          "_timeout": 2000
        }
      ],
      "passes": [],
      "failures": [],
      "pending": [],
      "skipped": [],
      "duration": 0,
      "root": true,
      "rootEmpty": true,
      "_timeout": 2000
    }
  ],
  "meta": {
    "mocha": {
      "version": "7.0.1"
    },
    "mochawesome": {
      "options": {
        "quiet": false,
        "reportFilename": "mochawesome",
        "saveHtml": true,
        "saveJson": true,
        "consoleReporter": "spec",
        "useInlineDiffs": false,
        "code": true
      },
      "version": "7.1.3"
    },
    "marge": {
      "options": null,
      "version": "6.2.0"
    }
  }
}